<?xml version="1.0" encoding="UTF-8"?>
<robot generator="Robot 4.1 (Python 3.9.6 on win32)" generated="20210823 12:00:01.554" rpa="false" schemaversion="2">
<suite id="s1" name="Keyboardevent" source="C:\Users\gobika\PycharmProjects\Chess\TestCase\keyboardevent.robot">
<test id="s1-t1" name="LoginTest">
<kw name="Open Browser" library="SeleniumLibrary">
<arg>https://ratings.fide.com/</arg>
<arg>chrome</arg>
<doc>Opens a new browser instance to the optional ``url``.</doc>
<msg timestamp="20210823 12:00:02.063" level="INFO">Opening browser 'chrome' to base url 'https://ratings.fide.com/'.</msg>
<status status="PASS" starttime="20210823 12:00:02.063" endtime="20210823 12:00:20.243"/>
</kw>
<kw name="Maximize Browser Window" library="SeleniumLibrary">
<doc>Maximizes current browser window.</doc>
<status status="PASS" starttime="20210823 12:00:20.244" endtime="20210823 12:00:20.368"/>
</kw>
<kw name="Press Keys" library="SeleniumLibrary">
<arg>None</arg>
<arg>TAB</arg>
<doc>Simulates the user pressing key(s) to an element or on the active browser.</doc>
<msg timestamp="20210823 12:00:20.370" level="INFO">Sending key(s) ('TAB',) to page.</msg>
<msg timestamp="20210823 12:00:20.370" level="INFO">Pressing special key TAB to browser.</msg>
<msg timestamp="20210823 12:00:20.370" level="INFO">Releasing special key TAB.</msg>
<status status="PASS" starttime="20210823 12:00:20.368" endtime="20210823 12:00:20.523"/>
</kw>
<kw name="Press Keys" library="SeleniumLibrary">
<arg>None</arg>
<arg>TAB</arg>
<doc>Simulates the user pressing key(s) to an element or on the active browser.</doc>
<msg timestamp="20210823 12:00:20.527" level="INFO">Sending key(s) ('TAB',) to page.</msg>
<msg timestamp="20210823 12:00:20.528" level="INFO">Pressing special key TAB to browser.</msg>
<msg timestamp="20210823 12:00:20.528" level="INFO">Releasing special key TAB.</msg>
<status status="PASS" starttime="20210823 12:00:20.526" endtime="20210823 12:00:20.603"/>
</kw>
<kw name="Press Keys" library="SeleniumLibrary">
<arg>None</arg>
<arg>ENTER</arg>
<doc>Simulates the user pressing key(s) to an element or on the active browser.</doc>
<msg timestamp="20210823 12:00:20.606" level="INFO">Sending key(s) ('ENTER',) to page.</msg>
<msg timestamp="20210823 12:00:20.606" level="INFO">Pressing special key ENTER to browser.</msg>
<msg timestamp="20210823 12:00:20.606" level="INFO">Releasing special key ENTER.</msg>
<status status="PASS" starttime="20210823 12:00:20.604" endtime="20210823 12:00:34.084"/>
</kw>
<kw name="Press Keys" library="SeleniumLibrary">
<arg>None</arg>
<arg>gobikaasai1598@gmail.com</arg>
<doc>Simulates the user pressing key(s) to an element or on the active browser.</doc>
<msg timestamp="20210823 12:00:34.086" level="INFO">Sending key(s) ('gobikaasai1598@gmail.com',) to page.</msg>
<msg timestamp="20210823 12:00:34.086" level="INFO">Sending keys gobikaasai1598@gmail.com</msg>
<status status="PASS" starttime="20210823 12:00:34.085" endtime="20210823 12:00:34.322"/>
</kw>
<kw name="Press Keys" library="SeleniumLibrary">
<arg>None</arg>
<arg>TAB</arg>
<doc>Simulates the user pressing key(s) to an element or on the active browser.</doc>
<msg timestamp="20210823 12:00:34.324" level="INFO">Sending key(s) ('TAB',) to page.</msg>
<msg timestamp="20210823 12:00:34.324" level="INFO">Pressing special key TAB to browser.</msg>
<msg timestamp="20210823 12:00:34.324" level="INFO">Releasing special key TAB.</msg>
<status status="PASS" starttime="20210823 12:00:34.323" endtime="20210823 12:00:34.343"/>
</kw>
<kw name="Press Keys" library="SeleniumLibrary">
<arg>None</arg>
<arg>Chess123</arg>
<doc>Simulates the user pressing key(s) to an element or on the active browser.</doc>
<msg timestamp="20210823 12:00:34.345" level="INFO">Sending key(s) ('Chess123',) to page.</msg>
<msg timestamp="20210823 12:00:34.345" level="INFO">Sending keys Chess123</msg>
<status status="PASS" starttime="20210823 12:00:34.344" endtime="20210823 12:00:34.463"/>
</kw>
<kw name="Press Keys" library="SeleniumLibrary">
<arg>None</arg>
<arg>ENTER</arg>
<doc>Simulates the user pressing key(s) to an element or on the active browser.</doc>
<msg timestamp="20210823 12:00:34.465" level="INFO">Sending key(s) ('ENTER',) to page.</msg>
<msg timestamp="20210823 12:00:34.465" level="INFO">Pressing special key ENTER to browser.</msg>
<msg timestamp="20210823 12:00:34.465" level="INFO">Releasing special key ENTER.</msg>
<status status="PASS" starttime="20210823 12:00:34.464" endtime="20210823 12:00:34.506"/>
</kw>
<kw name="Sleep" library="BuiltIn">
<arg>10s</arg>
<doc>Pauses the test executed for the given time.</doc>
<msg timestamp="20210823 12:00:44.507" level="INFO">Slept 10 seconds</msg>
<status status="PASS" starttime="20210823 12:00:34.506" endtime="20210823 12:00:44.507"/>
</kw>
<status status="PASS" starttime="20210823 12:00:02.061" endtime="20210823 12:00:44.508"/>
</test>
<test id="s1-t2" name="SearchTest">
<kw name="Input Text" library="SeleniumLibrary">
<arg>xpath://input[@type='search']</arg>
<arg>london</arg>
<doc>Types the given ``text`` into the text field identified by ``locator``.</doc>
<msg timestamp="20210823 12:00:44.513" level="INFO">Typing text 'london' into text field 'xpath://input[@type='search']'.</msg>
<status status="PASS" starttime="20210823 12:00:44.512" endtime="20210823 12:00:44.749"/>
</kw>
<kw name="Press Keys" library="SeleniumLibrary">
<arg>None</arg>
<arg>CTRL+a</arg>
<doc>Simulates the user pressing key(s) to an element or on the active browser.</doc>
<msg timestamp="20210823 12:00:44.751" level="INFO">Sending key(s) ('CTRL+a',) to page.</msg>
<msg timestamp="20210823 12:00:44.751" level="INFO">Pressing special key CONTROL down.</msg>
<msg timestamp="20210823 12:00:44.751" level="INFO">Sending key a</msg>
<msg timestamp="20210823 12:00:44.751" level="INFO">Releasing special key CONTROL.</msg>
<status status="PASS" starttime="20210823 12:00:44.750" endtime="20210823 12:00:44.773"/>
</kw>
<kw name="Press Keys" library="SeleniumLibrary">
<arg>None</arg>
<arg>CTRL+c</arg>
<doc>Simulates the user pressing key(s) to an element or on the active browser.</doc>
<msg timestamp="20210823 12:00:44.775" level="INFO">Sending key(s) ('CTRL+c',) to page.</msg>
<msg timestamp="20210823 12:00:44.775" level="INFO">Pressing special key CONTROL down.</msg>
<msg timestamp="20210823 12:00:44.775" level="INFO">Sending key c</msg>
<msg timestamp="20210823 12:00:44.775" level="INFO">Releasing special key CONTROL.</msg>
<status status="PASS" starttime="20210823 12:00:44.774" endtime="20210823 12:00:44.793"/>
</kw>
<kw name="Press Keys" library="SeleniumLibrary">
<arg>None</arg>
<arg>ENTER</arg>
<doc>Simulates the user pressing key(s) to an element or on the active browser.</doc>
<msg timestamp="20210823 12:00:44.795" level="INFO">Sending key(s) ('ENTER',) to page.</msg>
<msg timestamp="20210823 12:00:44.796" level="INFO">Pressing special key ENTER to browser.</msg>
<msg timestamp="20210823 12:00:44.796" level="INFO">Releasing special key ENTER.</msg>
<status status="PASS" starttime="20210823 12:00:44.794" endtime="20210823 12:00:44.957"/>
</kw>
<kw name="Press Keys" library="SeleniumLibrary">
<arg>None</arg>
<arg>TAB</arg>
<doc>Simulates the user pressing key(s) to an element or on the active browser.</doc>
<msg timestamp="20210823 12:00:44.961" level="INFO">Sending key(s) ('TAB',) to page.</msg>
<msg timestamp="20210823 12:00:44.962" level="INFO">Pressing special key TAB to browser.</msg>
<msg timestamp="20210823 12:00:44.962" level="INFO">Releasing special key TAB.</msg>
<status status="PASS" starttime="20210823 12:00:44.960" endtime="20210823 12:00:44.990"/>
</kw>
<kw name="Press Keys" library="SeleniumLibrary">
<arg>None</arg>
<arg>TAB</arg>
<doc>Simulates the user pressing key(s) to an element or on the active browser.</doc>
<msg timestamp="20210823 12:00:44.992" level="INFO">Sending key(s) ('TAB',) to page.</msg>
<msg timestamp="20210823 12:00:44.992" level="INFO">Pressing special key TAB to browser.</msg>
<msg timestamp="20210823 12:00:44.993" level="INFO">Releasing special key TAB.</msg>
<status status="PASS" starttime="20210823 12:00:44.991" endtime="20210823 12:00:45.012"/>
</kw>
<kw name="Press Keys" library="SeleniumLibrary">
<arg>None</arg>
<arg>CTRL+a</arg>
<doc>Simulates the user pressing key(s) to an element or on the active browser.</doc>
<msg timestamp="20210823 12:00:45.013" level="INFO">Sending key(s) ('CTRL+a',) to page.</msg>
<msg timestamp="20210823 12:00:45.014" level="INFO">Pressing special key CONTROL down.</msg>
<msg timestamp="20210823 12:00:45.014" level="INFO">Sending key a</msg>
<msg timestamp="20210823 12:00:45.014" level="INFO">Releasing special key CONTROL.</msg>
<status status="PASS" starttime="20210823 12:00:45.013" endtime="20210823 12:00:45.032"/>
</kw>
<kw name="Press Keys" library="SeleniumLibrary">
<arg>None</arg>
<arg>DELETE</arg>
<doc>Simulates the user pressing key(s) to an element or on the active browser.</doc>
<msg timestamp="20210823 12:00:45.034" level="INFO">Sending key(s) ('DELETE',) to page.</msg>
<msg timestamp="20210823 12:00:45.034" level="INFO">Pressing special key DELETE to browser.</msg>
<msg timestamp="20210823 12:00:45.034" level="INFO">Releasing special key DELETE.</msg>
<status status="PASS" starttime="20210823 12:00:45.033" endtime="20210823 12:00:45.050"/>
</kw>
<kw name="Press Keys" library="SeleniumLibrary">
<arg>None</arg>
<arg>CTRL+v</arg>
<doc>Simulates the user pressing key(s) to an element or on the active browser.</doc>
<msg timestamp="20210823 12:00:45.053" level="INFO">Sending key(s) ('CTRL+v',) to page.</msg>
<msg timestamp="20210823 12:00:45.053" level="INFO">Pressing special key CONTROL down.</msg>
<msg timestamp="20210823 12:00:45.053" level="INFO">Sending key v</msg>
<msg timestamp="20210823 12:00:45.053" level="INFO">Releasing special key CONTROL.</msg>
<status status="PASS" starttime="20210823 12:00:45.051" endtime="20210823 12:00:45.076"/>
</kw>
<status status="PASS" starttime="20210823 12:00:44.511" endtime="20210823 12:00:45.077"/>
</test>
<test id="s1-t3" name="CoordinateTest">
<kw name="Get Horizontal Position" library="SeleniumLibrary">
<var>${x}</var>
<arg>${find_the_element}</arg>
<doc>Returns the horizontal position of the element identified by ``locator``.</doc>
<msg timestamp="20210823 12:00:45.127" level="INFO">${x} = 286</msg>
<status status="PASS" starttime="20210823 12:00:45.081" endtime="20210823 12:00:45.127"/>
</kw>
<kw name="Get Vertical Position" library="SeleniumLibrary">
<var>${y}</var>
<arg>${find_the_element}</arg>
<doc>Returns the vertical position of the element identified by ``locator``.</doc>
<msg timestamp="20210823 12:00:45.151" level="INFO">${y} = 172</msg>
<status status="PASS" starttime="20210823 12:00:45.128" endtime="20210823 12:00:45.151"/>
</kw>
<kw name="Sleep" library="BuiltIn">
<arg>3</arg>
<doc>Pauses the test executed for the given time.</doc>
<msg timestamp="20210823 12:00:48.154" level="INFO">Slept 3 seconds</msg>
<status status="PASS" starttime="20210823 12:00:45.152" endtime="20210823 12:00:48.154"/>
</kw>
<kw name="Execute Javascript" library="SeleniumLibrary">
<arg>window.scrollTo(${x},${y})</arg>
<doc>Executes the given JavaScript code with possible arguments.</doc>
<msg timestamp="20210823 12:00:48.171" level="INFO">Executing JavaScript:
window.scrollTo(286,172)
Without any arguments.</msg>
<status status="PASS" starttime="20210823 12:00:48.169" endtime="20210823 12:00:48.191"/>
</kw>
<kw name="Click Element" library="SeleniumLibrary">
<arg>${find_the_element}</arg>
<doc>Click the element identified by ``locator``.</doc>
<msg timestamp="20210823 12:00:48.193" level="INFO">Clicking element 'xpath://a[@href="/news"]'.</msg>
<status status="PASS" starttime="20210823 12:00:48.192" endtime="20210823 12:00:48.371"/>
</kw>
<status status="PASS" starttime="20210823 12:00:45.079" endtime="20210823 12:00:48.372"/>
</test>
<test id="s1-t4" name="MouseTest">
<kw name="Open Browser" library="SeleniumLibrary">
<arg>${Browser}</arg>
<arg>chrome</arg>
<doc>Opens a new browser instance to the optional ``url``.</doc>
<msg timestamp="20210823 12:00:48.377" level="INFO">Opening browser 'chrome' to base url 'https://github.com/'.</msg>
<status status="PASS" starttime="20210823 12:00:48.376" endtime="20210823 12:01:25.112"/>
</kw>
<kw name="Maximize Browser Window" library="SeleniumLibrary">
<doc>Maximizes current browser window.</doc>
<status status="PASS" starttime="20210823 12:01:25.114" endtime="20210823 12:01:25.329"/>
</kw>
<kw name="Mouse Down" library="SeleniumLibrary">
<arg>xpath://*[@id="user_email"]</arg>
<doc>Simulates pressing the left mouse button on the element ``locator``.</doc>
<msg timestamp="20210823 12:01:25.331" level="INFO">Simulating Mouse Down on element 'xpath://*[@id="user_email"]'.</msg>
<status status="PASS" starttime="20210823 12:01:25.330" endtime="20210823 12:02:12.724"/>
</kw>
<kw name="Press Keys" library="SeleniumLibrary">
<arg>None</arg>
<arg>gobika.a@terralogic.com</arg>
<doc>Simulates the user pressing key(s) to an element or on the active browser.</doc>
<msg timestamp="20210823 12:02:12.727" level="INFO">Sending key(s) ('gobika.a@terralogic.com',) to page.</msg>
<msg timestamp="20210823 12:02:12.727" level="INFO">Sending keys gobika.a@terralogic.com</msg>
<status status="PASS" starttime="20210823 12:02:12.725" endtime="20210823 12:02:12.894"/>
</kw>
<kw name="Mouse Up" library="SeleniumLibrary">
<arg>xpath://*[@id="user_email"]</arg>
<doc>Simulates releasing the left mouse button on the element ``locator``.</doc>
<msg timestamp="20210823 12:02:12.895" level="INFO">Simulating Mouse Up on element 'xpath://*[@id="user_email"]'.</msg>
<status status="PASS" starttime="20210823 12:02:12.894" endtime="20210823 12:02:15.158"/>
</kw>
<kw name="Mouse Down On Link" library="SeleniumLibrary">
<arg>xpath://a[@href="#home-code"]</arg>
<doc>Simulates a mouse down event on a link identified by ``locator``.</doc>
<status status="PASS" starttime="20210823 12:02:15.159" endtime="20210823 12:02:16.349"/>
</kw>
<kw name="Sleep" library="BuiltIn">
<arg>5s</arg>
<doc>Pauses the test executed for the given time.</doc>
<msg timestamp="20210823 12:02:21.368" level="INFO">Slept 5 seconds</msg>
<status status="PASS" starttime="20210823 12:02:16.350" endtime="20210823 12:02:21.369"/>
</kw>
<kw name="Mouse Down On Image" library="SeleniumLibrary">
<arg>xpath://img[@alt="Apple App Store"]</arg>
<doc>Simulates a mouse down event on an image identified by ``locator``.</doc>
<status status="PASS" starttime="20210823 12:02:21.370" endtime="20210823 12:02:24.978"/>
</kw>
<kw name="Sleep" library="BuiltIn">
<arg>5s</arg>
<doc>Pauses the test executed for the given time.</doc>
<msg timestamp="20210823 12:02:29.981" level="INFO">Slept 5 seconds</msg>
<status status="PASS" starttime="20210823 12:02:24.979" endtime="20210823 12:02:29.981"/>
</kw>
<kw name="Execute Javascript" library="SeleniumLibrary">
<arg>window.scrollTo(0,document.body.scrollHeight)</arg>
<doc>Executes the given JavaScript code with possible arguments.</doc>
<msg timestamp="20210823 12:02:29.984" level="INFO">Executing JavaScript:
window.scrollTo(0,document.body.scrollHeight)
Without any arguments.</msg>
<status status="PASS" starttime="20210823 12:02:29.983" endtime="20210823 12:02:29.994"/>
</kw>
<kw name="Mouse Over" library="SeleniumLibrary">
<arg>xpath://img[@alt="Twitter icon"]</arg>
<doc>Simulates hovering the mouse over the element ``locator``.</doc>
<msg timestamp="20210823 12:02:29.996" level="INFO">Simulating Mouse Over on element 'xpath://img[@alt="Twitter icon"]'.</msg>
<status status="PASS" starttime="20210823 12:02:29.995" endtime="20210823 12:02:35.299"/>
</kw>
<kw name="Sleep" library="BuiltIn">
<arg>5s</arg>
<doc>Pauses the test executed for the given time.</doc>
<msg timestamp="20210823 12:02:40.302" level="INFO">Slept 5 seconds</msg>
<status status="PASS" starttime="20210823 12:02:35.301" endtime="20210823 12:02:40.302"/>
</kw>
<kw name="Mouse Out" library="SeleniumLibrary">
<arg>xpath://img[@alt="Twitter icon"]</arg>
<doc>Simulates moving the mouse away from the element ``locator``.</doc>
<msg timestamp="20210823 12:02:40.305" level="INFO">Simulating Mouse Out on element 'xpath://img[@alt="Twitter icon"]'.</msg>
<status status="PASS" starttime="20210823 12:02:40.304" endtime="20210823 12:02:42.484"/>
</kw>
<status status="PASS" starttime="20210823 12:00:48.374" endtime="20210823 12:02:42.485"/>
</test>
<test id="s1-t5" name="DragTest">
<kw name="Go To" library="SeleniumLibrary">
<arg>https://demoqa.com/droppable</arg>
<doc>Navigates the current browser window to the provided ``url``.</doc>
<msg timestamp="20210823 12:02:42.523" level="INFO">Opening url 'https://demoqa.com/droppable'</msg>
<status status="PASS" starttime="20210823 12:02:42.523" endtime="20210823 12:02:53.935"/>
</kw>
<kw name="Sleep" library="BuiltIn">
<arg>10s</arg>
<doc>Pauses the test executed for the given time.</doc>
<msg timestamp="20210823 12:03:03.936" level="INFO">Slept 10 seconds</msg>
<status status="PASS" starttime="20210823 12:02:53.935" endtime="20210823 12:03:03.936"/>
</kw>
<kw name="Drag And Drop" library="SeleniumLibrary">
<arg>xpath://*[@id="draggable"]</arg>
<arg>xpath://*[@id="droppable"]</arg>
<doc>Drags the element identified by ``locator`` into the ``target`` element.</doc>
<status status="PASS" starttime="20210823 12:03:03.937" endtime="20210823 12:03:06.894"/>
</kw>
<kw name="Sleep" library="BuiltIn">
<arg>5s</arg>
<doc>Pauses the test executed for the given time.</doc>
<msg timestamp="20210823 12:03:11.897" level="INFO">Slept 5 seconds</msg>
<status status="PASS" starttime="20210823 12:03:06.896" endtime="20210823 12:03:11.897"/>
</kw>
<kw name="Open Context Menu" library="SeleniumLibrary">
<arg>xpath://*[@class="header-wrapper"]</arg>
<doc>Opens the context menu on the element identified by ``locator``.</doc>
<status status="PASS" starttime="20210823 12:03:11.898" endtime="20210823 12:03:12.455"/>
</kw>
<kw name="Sleep" library="BuiltIn">
<arg>5s</arg>
<doc>Pauses the test executed for the given time.</doc>
<msg timestamp="20210823 12:03:17.459" level="INFO">Slept 5 seconds</msg>
<status status="PASS" starttime="20210823 12:03:12.456" endtime="20210823 12:03:17.459"/>
</kw>
<status status="PASS" starttime="20210823 12:02:42.521" endtime="20210823 12:03:17.460"/>
</test>
<status status="PASS" starttime="20210823 12:00:01.558" endtime="20210823 12:03:17.499"/>
</suite>
<statistics>
<total>
<stat pass="5" fail="0" skip="0">All Tests</stat>
</total>
<tag>
</tag>
<suite>
<stat pass="5" fail="0" skip="0" id="s1" name="Keyboardevent">Keyboardevent</stat>
</suite>
</statistics>
<errors>
</errors>
</robot>
